#
# There is insufficient memory for the Java Runtime Environment to continue.
# Native memory allocation (malloc) failed to allocate 1793776 bytes for Chunk::new
# Possible reasons:
#   The system is out of physical RAM or swap space
#   The process is running with CompressedOops enabled, and the Java Heap may be blocking the growth of the native heap
# Possible solutions:
#   Reduce memory load on the system
#   Increase physical memory or swap space
#   Check if swap backing store is full
#   Decrease Java heap size (-Xmx/-Xms)
#   Decrease number of Java threads
#   Decrease Java thread stack sizes (-Xss)
#   Set larger code cache with -XX:ReservedCodeCacheSize=
#   JVM is running with Zero Based Compressed Oops mode in which the Java heap is
#     placed in the first 32GB address space. The Java Heap base address is the
#     maximum limit for the native heap growth. Please use -XX:HeapBaseMinAddress
#     to set the Java Heap base and to place the Java Heap above 32GB virtual address.
# This output file may be truncated or incomplete.
#
#  Out of Memory Error (c:/cygwin64/tmp/openjdk-jdk11u-windows-x64-hotspot/workspace/build/src/src/hotspot/share/memory/arena.cpp:197), pid=24060, tid=22708
#
# JRE version: OpenJDK Runtime Environment (11.0.3+7) (build 11.0.3+7)
# Java VM: OpenJDK 64-Bit Server VM (11.0.3+7, mixed mode, tiered, compressed oops, g1 gc, windows-amd64)
# No core dump will be written. Minidumps are not enabled by default on client versions of Windows
#

---------------  S U M M A R Y ------------

Command Line: -Dfile.encoding=UTF-8 com.grokonez.GrokonezCsvUploadApplication

Host: Intel(R) Xeon(R) CPU E3-1505M v5 @ 2.80GHz, 8 cores, 31G,  Windows 10 , 64 bit Build 18362 (10.0.18362.959)
Time: Thu Sep 17 11:51:17 2020 India Standard Time elapsed time: 6 seconds (0d 0h 0m 6s)

---------------  T H R E A D  ---------------

Current thread (0x000001c0169cc800):  JavaThread "C2 CompilerThread2" daemon [_thread_in_native, id=22708, stack(0x000000acb9e00000,0x000000acb9f00000)]


Current CompileTask:
C2:   6825 3779       4       org.springframework.core.annotation.TypeMappedAnnotations::scan (62 bytes)

Stack: [0x000000acb9e00000,0x000000acb9f00000]
Native frames: (J=compiled Java code, j=interpreted, Vv=VM code, C=native code)
V  [jvm.dll+0x5d6c1a]
V  [jvm.dll+0x70ac7f]
V  [jvm.dll+0x70c30b]
V  [jvm.dll+0x70c9d3]
V  [jvm.dll+0x23f608]
V  [jvm.dll+0xb982c]
V  [jvm.dll+0xb9dbc]
V  [jvm.dll+0x341012]
V  [jvm.dll+0x30f133]
V  [jvm.dll+0x30e51a]
V  [jvm.dll+0x1f9d15]
V  [jvm.dll+0x1f8ecf]
V  [jvm.dll+0x17de9b]
V  [jvm.dll+0x207cb7]
V  [jvm.dll+0x20621e]
V  [jvm.dll+0x6d397c]
V  [jvm.dll+0x6cc9cc]
V  [jvm.dll+0x5d5e96]
C  [ucrtbase.dll+0x20e82]
C  [KERNEL32.DLL+0x17bd4]
C  [ntdll.dll+0x6ce51]


---------------  P R O C E S S  ---------------

Threads class SMR info:
_java_thread_list=0x000001c0166a4850, length=34, elements={
0x000001c065489000, 0x000001c013a62800, 0x000001c013a8e800, 0x000001c013ae6800,
0x000001c013ae7800, 0x000001c013aee800, 0x000001c013af3000, 0x000001c013af9800,
0x000001c013c5d000, 0x000001c013c6c800, 0x000001c0140ba800, 0x000001c014a64000,
0x000001c014a35800, 0x000001c0169cc800, 0x000001c0187f6800, 0x000001c018c50000,
0x000001c019c58800, 0x000001c018bd7800, 0x000001c018ea6800, 0x000001c01a061800,
0x000001c01a061000, 0x000001c01a062800, 0x000001c01a060000, 0x000001c014ef6000,
0x000001c014ef2000, 0x000001c014ef3800, 0x000001c014ef4800, 0x000001c014ef5000,
0x000001c014ef0000, 0x000001c014ef1000, 0x000001c014ef2800, 0x000001c014ef6800,
0x000001c01997f000, 0x000001c019980000
}

Java Threads: ( => current thread )
  0x000001c065489000 JavaThread "main" [_thread_blocked, id=15760, stack(0x000000acb8300000,0x000000acb8400000)]
  0x000001c013a62800 JavaThread "Reference Handler" daemon [_thread_blocked, id=16636, stack(0x000000acb8a00000,0x000000acb8b00000)]
  0x000001c013a8e800 JavaThread "Finalizer" daemon [_thread_blocked, id=13292, stack(0x000000acb8b00000,0x000000acb8c00000)]
  0x000001c013ae6800 JavaThread "Signal Dispatcher" daemon [_thread_blocked, id=27136, stack(0x000000acb8c00000,0x000000acb8d00000)]
  0x000001c013ae7800 JavaThread "Attach Listener" daemon [_thread_blocked, id=19440, stack(0x000000acb8d00000,0x000000acb8e00000)]
  0x000001c013aee800 JavaThread "C2 CompilerThread0" daemon [_thread_in_native, id=12324, stack(0x000000acb8e00000,0x000000acb8f00000)]
  0x000001c013af3000 JavaThread "C1 CompilerThread0" daemon [_thread_blocked, id=24180, stack(0x000000acb8f00000,0x000000acb9000000)]
  0x000001c013af9800 JavaThread "Sweeper thread" daemon [_thread_blocked, id=5216, stack(0x000000acb9000000,0x000000acb9100000)]
  0x000001c013c5d000 JavaThread "Service Thread" daemon [_thread_blocked, id=3420, stack(0x000000acb9100000,0x000000acb9200000)]
  0x000001c013c6c800 JavaThread "Common-Cleaner" daemon [_thread_blocked, id=10808, stack(0x000000acb9300000,0x000000acb9400000)]
  0x000001c0140ba800 JavaThread "C2 CompilerThread1" daemon [_thread_in_native, id=15804, stack(0x000000acb9400000,0x000000acb9500000)]
  0x000001c014a64000 JavaThread "Thread-0" [_thread_blocked, id=3672, stack(0x000000acb9c00000,0x000000acb9d00000)]
  0x000001c014a35800 JavaThread "restartedMain" [_thread_blocked, id=27780, stack(0x000000acb9d00000,0x000000acb9e00000)]
=>0x000001c0169cc800 JavaThread "C2 CompilerThread2" daemon [_thread_in_native, id=22708, stack(0x000000acb9e00000,0x000000acb9f00000)]
  0x000001c0187f6800 JavaThread "Catalina-utility-1" [_thread_blocked, id=20884, stack(0x000000acba000000,0x000000acba100000)]
  0x000001c018c50000 JavaThread "Catalina-utility-2" [_thread_blocked, id=988, stack(0x000000acba100000,0x000000acba200000)]
  0x000001c019c58800 JavaThread "container-0" [_thread_blocked, id=13188, stack(0x000000acba200000,0x000000acba300000)]
  0x000001c018bd7800 JavaThread "mysql-cj-abandoned-connection-cleanup" daemon [_thread_blocked, id=27464, stack(0x000000acba300000,0x000000acba400000)]
  0x000001c018ea6800 JavaThread "task-1" [_thread_in_native, id=3172, stack(0x000000acba400000,0x000000acba500000)]
  0x000001c01a061800 JavaThread "File Watcher" daemon [_thread_blocked, id=23408, stack(0x000000acba500000,0x000000acba600000)]
  0x000001c01a061000 JavaThread "Live Reload Server" daemon [_thread_in_native, id=8460, stack(0x000000acba600000,0x000000acba700000)]
  0x000001c01a062800 JavaThread "http-nio-8087-BlockPoller" daemon [_thread_in_native, id=15636, stack(0x000000acba700000,0x000000acba800000)]
  0x000001c01a060000 JavaThread "http-nio-8087-exec-1" daemon [_thread_blocked, id=26860, stack(0x000000acba800000,0x000000acba900000)]
  0x000001c014ef6000 JavaThread "http-nio-8087-exec-2" daemon [_thread_blocked, id=26744, stack(0x000000acba900000,0x000000acbaa00000)]
  0x000001c014ef2000 JavaThread "http-nio-8087-exec-3" daemon [_thread_blocked, id=27936, stack(0x000000acbaa00000,0x000000acbab00000)]
  0x000001c014ef3800 JavaThread "http-nio-8087-exec-4" daemon [_thread_blocked, id=27704, stack(0x000000acbab00000,0x000000acbac00000)]
  0x000001c014ef4800 JavaThread "http-nio-8087-exec-5" daemon [_thread_blocked, id=11024, stack(0x000000acbac00000,0x000000acbad00000)]
  0x000001c014ef5000 JavaThread "http-nio-8087-exec-6" daemon [_thread_blocked, id=20788, stack(0x000000acbad00000,0x000000acbae00000)]
  0x000001c014ef0000 JavaThread "http-nio-8087-exec-7" daemon [_thread_blocked, id=10084, stack(0x000000acbae00000,0x000000acbaf00000)]
  0x000001c014ef1000 JavaThread "http-nio-8087-exec-8" daemon [_thread_blocked, id=7408, stack(0x000000acbaf00000,0x000000acbb000000)]
  0x000001c014ef2800 JavaThread "http-nio-8087-exec-9" daemon [_thread_blocked, id=12284, stack(0x000000acbb000000,0x000000acbb100000)]
  0x000001c014ef6800 JavaThread "http-nio-8087-exec-10" daemon [_thread_blocked, id=12976, stack(0x000000acbb100000,0x000000acbb200000)]
  0x000001c01997f000 JavaThread "http-nio-8087-ClientPoller" daemon [_thread_in_native, id=7340, stack(0x000000acbb200000,0x000000acbb300000)]
  0x000001c019980000 JavaThread "http-nio-8087-Acceptor" daemon [_thread_in_native, id=8712, stack(0x000000acbb300000,0x000000acbb400000)]

Other Threads:
  0x000001c013a5f000 VMThread "VM Thread" [stack: 0x000000acb8900000,0x000000acb8a00000] [id=14664]
  0x000001c013c61000 WatcherThread [stack: 0x000000acb9200000,0x000000acb9300000] [id=27776]
  0x000001c06549f000 GCTaskThread "GC Thread#0" [stack: 0x000000acb8400000,0x000000acb8500000] [id=27052]
  0x000001c01443b800 GCTaskThread "GC Thread#1" [stack: 0x000000acb9500000,0x000000acb9600000] [id=18948]
  0x000001c0144c6000 GCTaskThread "GC Thread#2" [stack: 0x000000acb9600000,0x000000acb9700000] [id=27340]
  0x000001c01492c000 GCTaskThread "GC Thread#3" [stack: 0x000000acb9700000,0x000000acb9800000] [id=24280]
  0x000001c01453d800 GCTaskThread "GC Thread#4" [stack: 0x000000acb9800000,0x000000acb9900000] [id=8788]
  0x000001c01453e800 GCTaskThread "GC Thread#5" [stack: 0x000000acb9900000,0x000000acb9a00000] [id=13704]
  0x000001c014859000 GCTaskThread "GC Thread#6" [stack: 0x000000acb9a00000,0x000000acb9b00000] [id=3232]
  0x000001c014859800 GCTaskThread "GC Thread#7" [stack: 0x000000acb9b00000,0x000000acb9c00000] [id=19128]
  0x000001c06551e000 ConcurrentGCThread "G1 Main Marker" [stack: 0x000000acb8500000,0x000000acb8600000] [id=24924]
  0x000001c065520000 ConcurrentGCThread "G1 Conc#0" [stack: 0x000000acb8600000,0x000000acb8700000] [id=24816]
  0x000001c015000000 ConcurrentGCThread "G1 Conc#1" [stack: 0x000000acb9f00000,0x000000acba000000] [id=22460]
  0x000001c0130c4000 ConcurrentGCThread "G1 Refine#0" [stack: 0x000000acb8700000,0x000000acb8800000] [id=7856]
  0x000001c0130c7000 ConcurrentGCThread "G1 Young RemSet Sampling" [stack: 0x000000acb8800000,0x000000acb8900000] [id=968]

Threads with active compile tasks:
C2 CompilerThread03940       4       java.lang.Class::getMethodsRecursive (99 bytes)
C2 CompilerThread13702   !   4       org.springframework.core.annotation.AnnotationsScanner::processMethodHierarchy (286 bytes)
C2 CompilerThread23779       4       org.springframework.core.annotation.TypeMappedAnnotations::scan (62 bytes)

VM state:not at safepoint (normal execution)

VM Mutex/Monitor currently owned by a thread: None

Heap address: 0x0000000601a00000, size: 8166 MB, Compressed Oops mode: Zero based, Oop shift amount: 3
Narrow klass base: 0x0000000800000000, Narrow klass shift: 0
Compressed class space size: 1073741824 Address: 0x0000000800000000

Heap:
 garbage-first heap   total 630784K, used 85184K [0x0000000601a00000, 0x0000000800000000)
  region size 2048K, 41 young (83968K), 4 survivors (8192K)
 Metaspace       used 45819K, capacity 46931K, committed 47104K, reserved 1089536K
  class space    used 5563K, capacity 6031K, committed 6144K, reserved 1048576K
Heap Regions: E=young(eden), S=young(survivor), O=old, HS=humongous(starts), HC=humongous(continues), CS=collection set, F=free, A=archive, TAMS=top-at-mark-start (previous, next)
|   0|0x0000000601a00000, 0x0000000601c00000, 0x0000000601c00000|100%| O|  |TAMS 0x0000000601c00000, 0x0000000601a00000| Untracked 
|   1|0x0000000601c00000, 0x0000000601e00000, 0x0000000601e00000|100%| O|  |TAMS 0x0000000601e00000, 0x0000000601c00000| Untracked 
|   2|0x0000000601e00000, 0x0000000601f31c00, 0x0000000602000000| 59%| O|  |TAMS 0x0000000601f31c00, 0x0000000601e00000| Untracked 
|   3|0x0000000602000000, 0x0000000602000000, 0x0000000602200000|  0%| F|  |TAMS 0x0000000602000000, 0x0000000602000000| Untracked 
|   4|0x0000000602200000, 0x0000000602200000, 0x0000000602400000|  0%| F|  |TAMS 0x0000000602200000, 0x0000000602200000| Untracked 
|   5|0x0000000602400000, 0x0000000602400000, 0x0000000602600000|  0%| F|  |TAMS 0x0000000602400000, 0x0000000602400000| Untracked 
|   6|0x0000000602600000, 0x0000000602600000, 0x0000000602800000|  0%| F|  |TAMS 0x0000000602600000, 0x0000000602600000| Untracked 
|   7|0x0000000602800000, 0x0000000602800000, 0x0000000602a00000|  0%| F|  |TAMS 0x0000000602800000, 0x0000000602800000| Untracked 
|   8|0x0000000602a00000, 0x0000000602a00000, 0x0000000602c00000|  0%| F|  |TAMS 0x0000000602a00000, 0x0000000602a00000| Untracked 
|   9|0x0000000602c00000, 0x0000000602c00000, 0x0000000602e00000|  0%| F|  |TAMS 0x0000000602c00000, 0x0000000602c00000| Untracked 
|  10|0x0000000602e00000, 0x0000000602e00000, 0x0000000603000000|  0%| F|  |TAMS 0x0000000602e00000, 0x0000000602e00000| Untracked 
|  11|0x0000000603000000, 0x0000000603000000, 0x0000000603200000|  0%| F|  |TAMS 0x0000000603000000, 0x0000000603000000| Untracked 
|  12|0x0000000603200000, 0x0000000603200000, 0x0000000603400000|  0%| F|  |TAMS 0x0000000603200000, 0x0000000603200000| Untracked 
|  13|0x0000000603400000, 0x0000000603400000, 0x0000000603600000|  0%| F|  |TAMS 0x0000000603400000, 0x0000000603400000| Untracked 
|  14|0x0000000603600000, 0x0000000603600000, 0x0000000603800000|  0%| F|  |TAMS 0x0000000603600000, 0x0000000603600000| Untracked 
|  15|0x0000000603800000, 0x0000000603800000, 0x0000000603a00000|  0%| F|  |TAMS 0x0000000603800000, 0x0000000603800000| Untracked 
|  16|0x0000000603a00000, 0x0000000603a00000, 0x0000000603c00000|  0%| F|  |TAMS 0x0000000603a00000, 0x0000000603a00000| Untracked 
|  17|0x0000000603c00000, 0x0000000603c00000, 0x0000000603e00000|  0%| F|  |TAMS 0x0000000603c00000, 0x0000000603c00000| Untracked 
|  18|0x0000000603e00000, 0x0000000603e00000, 0x0000000604000000|  0%| F|  |TAMS 0x0000000603e00000, 0x0000000603e00000| Untracked 
|  19|0x0000000604000000, 0x0000000604000000, 0x0000000604200000|  0%| F|  |TAMS 0x0000000604000000, 0x0000000604000000| Untracked 
|  20|0x0000000604200000, 0x0000000604200000, 0x0000000604400000|  0%| F|  |TAMS 0x0000000604200000, 0x0000000604200000| Untracked 
|  21|0x0000000604400000, 0x0000000604400000, 0x0000000604600000|  0%| F|  |TAMS 0x0000000604400000, 0x0000000604400000| Untracked 
|  22|0x0000000604600000, 0x0000000604600000, 0x0000000604800000|  0%| F|  |TAMS 0x0000000604600000, 0x0000000604600000| Untracked 
|  23|0x0000000604800000, 0x0000000604800000, 0x0000000604a00000|  0%| F|  |TAMS 0x0000000604800000, 0x0000000604800000| Untracked 
|  24|0x0000000604a00000, 0x0000000604a00000, 0x0000000604c00000|  0%| F|  |TAMS 0x0000000604a00000, 0x0000000604a00000| Untracked 
|  25|0x0000000604c00000, 0x0000000604c00000, 0x0000000604e00000|  0%| F|  |TAMS 0x0000000604c00000, 0x0000000604c00000| Untracked 
|  26|0x0000000604e00000, 0x0000000604e00000, 0x0000000605000000|  0%| F|  |TAMS 0x0000000604e00000, 0x0000000604e00000| Untracked 
|  27|0x0000000605000000, 0x0000000605000000, 0x0000000605200000|  0%| F|  |TAMS 0x0000000605000000, 0x0000000605000000| Untracked 
|  28|0x0000000605200000, 0x0000000605200000, 0x0000000605400000|  0%| F|  |TAMS 0x0000000605200000, 0x0000000605200000| Untracked 
|  29|0x0000000605400000, 0x0000000605400000, 0x0000000605600000|  0%| F|  |TAMS 0x0000000605400000, 0x0000000605400000| Untracked 
|  30|0x0000000605600000, 0x0000000605600000, 0x0000000605800000|  0%| F|  |TAMS 0x0000000605600000, 0x0000000605600000| Untracked 
|  31|0x0000000605800000, 0x0000000605800000, 0x0000000605a00000|  0%| F|  |TAMS 0x0000000605800000, 0x0000000605800000| Untracked 
|  32|0x0000000605a00000, 0x0000000605a00000, 0x0000000605c00000|  0%| F|  |TAMS 0x0000000605a00000, 0x0000000605a00000| Untracked 
|  33|0x0000000605c00000, 0x0000000605c00000, 0x0000000605e00000|  0%| F|  |TAMS 0x0000000605c00000, 0x0000000605c00000| Untracked 
|  34|0x0000000605e00000, 0x0000000605e00000, 0x0000000606000000|  0%| F|  |TAMS 0x0000000605e00000, 0x0000000605e00000| Untracked 
|  35|0x0000000606000000, 0x0000000606000000, 0x0000000606200000|  0%| F|  |TAMS 0x0000000606000000, 0x0000000606000000| Untracked 
|  36|0x0000000606200000, 0x0000000606200000, 0x0000000606400000|  0%| F|  |TAMS 0x0000000606200000, 0x0000000606200000| Untracked 
|  37|0x0000000606400000, 0x0000000606400000, 0x0000000606600000|  0%| F|  |TAMS 0x0000000606400000, 0x0000000606400000| Untracked 
|  38|0x0000000606600000, 0x0000000606600000, 0x0000000606800000|  0%| F|  |TAMS 0x0000000606600000, 0x0000000606600000| Untracked 
|  39|0x0000000606800000, 0x0000000606800000, 0x0000000606a00000|  0%| F|  |TAMS 0x0000000606800000, 0x0000000606800000| Untracked 
|  40|0x0000000606a00000, 0x0000000606a00000, 0x0000000606c00000|  0%| F|  |TAMS 0x0000000606a00000, 0x0000000606a00000| Untracked 
|  41|0x0000000606c00000, 0x0000000606c00000, 0x0000000606e00000|  0%| F|  |TAMS 0x0000000606c00000, 0x0000000606c00000| Untracked 
|  42|0x0000000606e00000, 0x0000000606e00000, 0x0000000607000000|  0%| F|  |TAMS 0x0000000606e00000, 0x0000000606e00000| Untracked 
|  43|0x0000000607000000, 0x0000000607000000, 0x0000000607200000|  0%| F|  |TAMS 0x0000000607000000, 0x0000000607000000| Untracked 
|  44|0x0000000607200000, 0x0000000607200000, 0x0000000607400000|  0%| F|  |TAMS 0x0000000607200000, 0x0000000607200000| Untracked 
|  45|0x0000000607400000, 0x0000000607400000, 0x0000000607600000|  0%| F|  |TAMS 0x0000000607400000, 0x0000000607400000| Untracked 
|  46|0x0000000607600000, 0x0000000607600000, 0x0000000607800000|  0%| F|  |TAMS 0x0000000607600000, 0x0000000607600000| Untracked 
|  47|0x0000000607800000, 0x0000000607800000, 0x0000000607a00000|  0%| F|  |TAMS 0x0000000607800000, 0x0000000607800000| Untracked 
|  48|0x0000000607a00000, 0x0000000607a00000, 0x0000000607c00000|  0%| F|  |TAMS 0x0000000607a00000, 0x0000000607a00000| Untracked 
|  49|0x0000000607c00000, 0x0000000607c00000, 0x0000000607e00000|  0%| F|  |TAMS 0x0000000607c00000, 0x0000000607c00000| Untracked 
|  50|0x0000000607e00000, 0x0000000607e00000, 0x0000000608000000|  0%| F|  |TAMS 0x0000000607e00000, 0x0000000607e00000| Untracked 
|  51|0x0000000608000000, 0x0000000608000000, 0x0000000608200000|  0%| F|  |TAMS 0x0000000608000000, 0x0000000608000000| Untracked 
|  52|0x0000000608200000, 0x0000000608200000, 0x0000000608400000|  0%| F|  |TAMS 0x0000000608200000, 0x0000000608200000| Untracked 
|  53|0x0000000608400000, 0x0000000608400000, 0x0000000608600000|  0%| F|  |TAMS 0x0000000608400000, 0x0000000608400000| Untracked 
|  54|0x0000000608600000, 0x0000000608600000, 0x0000000608800000|  0%| F|  |TAMS 0x0000000608600000, 0x0000000608600000| Untracked 
|  55|0x0000000608800000, 0x0000000608800000, 0x0000000608a00000|  0%| F|  |TAMS 0x0000000608800000, 0x0000000608800000| Untracked 
|  56|0x0000000608a00000, 0x0000000608a00000, 0x0000000608c00000|  0%| F|  |TAMS 0x0000000608a00000, 0x0000000608a00000| Untracked 
|  57|0x0000000608c00000, 0x0000000608c00000, 0x0000000608e00000|  0%| F|  |TAMS 0x0000000608c00000, 0x0000000608c00000| Untracked 
|  58|0x0000000608e00000, 0x0000000608e00000, 0x0000000609000000|  0%| F|  |TAMS 0x0000000608e00000, 0x0000000608e00000| Untracked 
|  59|0x0000000609000000, 0x0000000609000000, 0x0000000609200000|  0%| F|  |TAMS 0x0000000609000000, 0x0000000609000000| Untracked 
|  60|0x0000000609200000, 0x0000000609200000, 0x0000000609400000|  0%| F|  |TAMS 0x0000000609200000, 0x0000000609200000| Untracked 
|  61|0x0000000609400000, 0x0000000609400000, 0x0000000609600000|  0%| F|  |TAMS 0x0000000609400000, 0x0000000609400000| Untracked 
|  62|0x0000000609600000, 0x0000000609600000, 0x0000000609800000|  0%| F|  |TAMS 0x0000000609600000, 0x0000000609600000| Untracked 
|  63|0x0000000609800000, 0x0000000609800000, 0x0000000609a00000|  0%| F|  |TAMS 0x0000000609800000, 0x0000000609800000| Untracked 
|  64|0x0000000609a00000, 0x0000000609a00000, 0x0000000609c00000|  0%| F|  |TAMS 0x0000000609a00000, 0x0000000609a00000| Untracked 
|  65|0x0000000609c00000, 0x0000000609c00000, 0x0000000609e00000|  0%| F|  |TAMS 0x0000000609c00000, 0x0000000609c00000| Untracked 
|  66|0x0000000609e00000, 0x0000000609e00000, 0x000000060a000000|  0%| F|  |TAMS 0x0000000609e00000, 0x0000000609e00000| Untracked 
|  67|0x000000060a000000, 0x000000060a000000, 0x000000060a200000|  0%| F|  |TAMS 0x000000060a000000, 0x000000060a000000| Untracked 
|  68|0x000000060a200000, 0x000000060a200000, 0x000000060a400000|  0%| F|  |TAMS 0x000000060a200000, 0x000000060a200000| Untracked 
|  69|0x000000060a400000, 0x000000060a400000, 0x000000060a600000|  0%| F|  |TAMS 0x000000060a400000, 0x000000060a400000| Untracked 
|  70|0x000000060a600000, 0x000000060a600000, 0x000000060a800000|  0%| F|  |TAMS 0x000000060a600000, 0x000000060a600000| Untracked 
|  71|0x000000060a800000, 0x000000060a800000, 0x000000060aa00000|  0%| F|  |TAMS 0x000000060a800000, 0x000000060a800000| Untracked 
|  72|0x000000060aa00000, 0x000000060aa00000, 0x000000060ac00000|  0%| F|  |TAMS 0x000000060aa00000, 0x000000060aa00000| Untracked 
|  73|0x000000060ac00000, 0x000000060ac00000, 0x000000060ae00000|  0%| F|  |TAMS 0x000000060ac00000, 0x000000060ac00000| Untracked 
|  74|0x000000060ae00000, 0x000000060ae00000, 0x000000060b000000|  0%| F|  |TAMS 0x000000060ae00000, 0x000000060ae00000| Untracked 
|  75|0x000000060b000000, 0x000000060b000000, 0x000000060b200000|  0%| F|  |TAMS 0x000000060b000000, 0x000000060b000000| Untracked 
|  76|0x000000060b200000, 0x000000060b200000, 0x000000060b400000|  0%| F|  |TAMS 0x000000060b200000, 0x000000060b200000| Untracked 
|  77|0x000000060b400000, 0x000000060b400000, 0x000000060b600000|  0%| F|  |TAMS 0x000000060b400000, 0x000000060b400000| Untracked 
|  78|0x000000060b600000, 0x000000060b600000, 0x000000060b800000|  0%| F|  |TAMS 0x000000060b600000, 0x000000060b600000| Untracked 
|  79|0x000000060b800000, 0x000000060b800000, 0x000000060ba00000|  0%| F|  |TAMS 0x000000060b800000, 0x000000060b800000| Untracked 
|  80|0x000000060ba00000, 0x000000060ba00000, 0x000000060bc00000|  0%| F|  |TAMS 0x000000060ba00000, 0x000000060ba00000| Untracked 
|  81|0x000000060bc00000, 0x000000060bc00000, 0x000000060be00000|  0%| F|  |TAMS 0x000000060bc00000, 0x000000060bc00000| Untracked 
|  82|0x000000060be00000, 0x000000060be00000, 0x000000060c000000|  0%| F|  |TAMS 0x000000060be00000, 0x000000060be00000| Untracked 
|  83|0x000000060c000000, 0x000000060c000000, 0x000000060c200000|  0%| F|  |TAMS 0x000000060c000000, 0x000000060c000000| Untracked 
|  84|0x000000060c200000, 0x000000060c200000, 0x000000060c400000|  0%| F|  |TAMS 0x000000060c200000, 0x000000060c200000| Untracked 
|  85|0x000000060c400000, 0x000000060c400000, 0x000000060c600000|  0%| F|  |TAMS 0x000000060c400000, 0x000000060c400000| Untracked 
|  86|0x000000060c600000, 0x000000060c600000, 0x000000060c800000|  0%| F|  |TAMS 0x000000060c600000, 0x000000060c600000| Untracked 
|  87|0x000000060c800000, 0x000000060c800000, 0x000000060ca00000|  0%| F|  |TAMS 0x000000060c800000, 0x000000060c800000| Untracked 
|  88|0x000000060ca00000, 0x000000060ca00000, 0x000000060cc00000|  0%| F|  |TAMS 0x000000060ca00000, 0x000000060ca00000| Untracked 
|  89|0x000000060cc00000, 0x000000060cc00000, 0x000000060ce00000|  0%| F|  |TAMS 0x000000060cc00000, 0x000000060cc00000| Untracked 
|  90|0x000000060ce00000, 0x000000060ce00000, 0x000000060d000000|  0%| F|  |TAMS 0x000000060ce00000, 0x000000060ce00000| Untracked 
|  91|0x000000060d000000, 0x000000060d000000, 0x000000060d200000|  0%| F|  |TAMS 0x000000060d000000, 0x000000060d000000| Untracked 
|  92|0x000000060d200000, 0x000000060d200000, 0x000000060d400000|  0%| F|  |TAMS 0x000000060d200000, 0x000000060d200000| Untracked 
|  93|0x000000060d400000, 0x000000060d400000, 0x000000060d600000|  0%| F|  |TAMS 0x000000060d400000, 0x000000060d400000| Untracked 
|  94|0x000000060d600000, 0x000000060d600000, 0x000000060d800000|  0%| F|  |TAMS 0x000000060d600000, 0x000000060d600000| Untracked 
|  95|0x000000060d800000, 0x000000060d800000, 0x000000060da00000|  0%| F|  |TAMS 0x000000060d800000, 0x000000060d800000| Untracked 
|  96|0x000000060da00000, 0x000000060da00000, 0x000000060dc00000|  0%| F|  |TAMS 0x000000060da00000, 0x000000060da00000| Untracked 
|  97|0x000000060dc00000, 0x000000060dc00000, 0x000000060de00000|  0%| F|  |TAMS 0x000000060dc00000, 0x000000060dc00000| Untracked 
|  98|0x000000060de00000, 0x000000060de00000, 0x000000060e000000|  0%| F|  |TAMS 0x000000060de00000, 0x000000060de00000| Untracked 
|  99|0x000000060e000000, 0x000000060e000000, 0x000000060e200000|  0%| F|  |TAMS 0x000000060e000000, 0x000000060e000000| Untracked 
| 100|0x000000060e200000, 0x000000060e200000, 0x000000060e400000|  0%| F|  |TAMS 0x000000060e200000, 0x000000060e200000| Untracked 
| 101|0x000000060e400000, 0x000000060e400000, 0x000000060e600000|  0%| F|  |TAMS 0x000000060e400000, 0x000000060e400000| Untracked 
| 102|0x000000060e600000, 0x000000060e600000, 0x000000060e800000|  0%| F|  |TAMS 0x000000060e600000, 0x000000060e600000| Untracked 
| 103|0x000000060e800000, 0x000000060e800000, 0x000000060ea00000|  0%| F|  |TAMS 0x000000060e800000, 0x000000060e800000| Untracked 
| 104|0x000000060ea00000, 0x000000060ea00000, 0x000000060ec00000|  0%| F|  |TAMS 0x000000060ea00000, 0x000000060ea00000| Untracked 
| 105|0x000000060ec00000, 0x000000060ec00000, 0x000000060ee00000|  0%| F|  |TAMS 0x000000060ec00000, 0x000000060ec00000| Untracked 
| 106|0x000000060ee00000, 0x000000060ee00000, 0x000000060f000000|  0%| F|  |TAMS 0x000000060ee00000, 0x000000060ee00000| Untracked 
| 107|0x000000060f000000, 0x000000060f000000, 0x000000060f200000|  0%| F|  |TAMS 0x000000060f000000, 0x000000060f000000| Untracked 
| 108|0x000000060f200000, 0x000000060f200000, 0x000000060f400000|  0%| F|  |TAMS 0x000000060f200000, 0x000000060f200000| Untracked 
| 109|0x000000060f400000, 0x000000060f400000, 0x000000060f600000|  0%| F|  |TAMS 0x000000060f400000, 0x000000060f400000| Untracked 
| 110|0x000000060f600000, 0x000000060f600000, 0x000000060f800000|  0%| F|  |TAMS 0x000000060f600000, 0x000000060f600000| Untracked 
| 111|0x000000060f800000, 0x000000060f800000, 0x000000060fa00000|  0%| F|  |TAMS 0x000000060f800000, 0x000000060f800000| Untracked 
| 112|0x000000060fa00000, 0x000000060fa00000, 0x000000060fc00000|  0%| F|  |TAMS 0x000000060fa00000, 0x000000060fa00000| Untracked 
| 113|0x000000060fc00000, 0x000000060fc00000, 0x000000060fe00000|  0%| F|  |TAMS 0x000000060fc00000, 0x000000060fc00000| Untracked 
| 114|0x000000060fe00000, 0x000000060fe00000, 0x0000000610000000|  0%| F|  |TAMS 0x000000060fe00000, 0x000000060fe00000| Untracked 
| 115|0x0000000610000000, 0x0000000610000000, 0x0000000610200000|  0%| F|  |TAMS 0x0000000610000000, 0x0000000610000000| Untracked 
| 116|0x0000000610200000, 0x0000000610200000, 0x0000000610400000|  0%| F|  |TAMS 0x0000000610200000, 0x0000000610200000| Untracked 
| 117|0x0000000610400000, 0x0000000610400000, 0x0000000610600000|  0%| F|  |TAMS 0x0000000610400000, 0x0000000610400000| Untracked 
| 118|0x0000000610600000, 0x0000000610600000, 0x0000000610800000|  0%| F|  |TAMS 0x0000000610600000, 0x0000000610600000| Untracked 
| 119|0x0000000610800000, 0x0000000610800000, 0x0000000610a00000|  0%| F|  |TAMS 0x0000000610800000, 0x0000000610800000| Untracked 
| 120|0x0000000610a00000, 0x0000000610a00000, 0x0000000610c00000|  0%| F|  |TAMS 0x0000000610a00000, 0x0000000610a00000| Untracked 
| 121|0x0000000610c00000, 0x0000000610c00000, 0x0000000610e00000|  0%| F|  |TAMS 0x0000000610c00000, 0x0000000610c00000| Untracked 
| 122|0x0000000610e00000, 0x0000000610e00000, 0x0000000611000000|  0%| F|  |TAMS 0x0000000610e00000, 0x0000000610e00000| Untracked 
| 123|0x0000000611000000, 0x0000000611000000, 0x0000000611200000|  0%| F|  |TAMS 0x0000000611000000, 0x0000000611000000| Untracked 
| 124|0x0000000611200000, 0x0000000611200000, 0x0000000611400000|  0%| F|  |TAMS 0x0000000611200000, 0x0000000611200000| Untracked 
| 125|0x0000000611400000, 0x0000000611400000, 0x0000000611600000|  0%| F|  |TAMS 0x0000000611400000, 0x0000000611400000| Untracked 
| 126|0x0000000611600000, 0x0000000611600000, 0x0000000611800000|  0%| F|  |TAMS 0x0000000611600000, 0x0000000611600000| Untracked 
| 127|0x0000000611800000, 0x0000000611800000, 0x0000000611a00000|  0%| F|  |TAMS 0x0000000611800000, 0x0000000611800000| Untracked 
| 128|0x0000000611a00000, 0x0000000611a00000, 0x0000000611c00000|  0%| F|  |TAMS 0x0000000611a00000, 0x0000000611a00000| Untracked 
| 129|0x0000000611c00000, 0x0000000611c00000, 0x0000000611e00000|  0%| F|  |TAMS 0x0000000611c00000, 0x0000000611c00000| Untracked 
| 130|0x0000000611e00000, 0x0000000611e00000, 0x0000000612000000|  0%| F|  |TAMS 0x0000000611e00000, 0x0000000611e00000| Untracked 
| 131|0x0000000612000000, 0x0000000612000000, 0x0000000612200000|  0%| F|  |TAMS 0x0000000612000000, 0x0000000612000000| Untracked 
| 132|0x0000000612200000, 0x0000000612200000, 0x0000000612400000|  0%| F|  |TAMS 0x0000000612200000, 0x0000000612200000| Untracked 
| 133|0x0000000612400000, 0x0000000612400000, 0x0000000612600000|  0%| F|  |TAMS 0x0000000612400000, 0x0000000612400000| Untracked 
| 134|0x0000000612600000, 0x0000000612600000, 0x0000000612800000|  0%| F|  |TAMS 0x0000000612600000, 0x0000000612600000| Untracked 
| 135|0x0000000612800000, 0x0000000612800000, 0x0000000612a00000|  0%| F|  |TAMS 0x0000000612800000, 0x0000000612800000| Untracked 
| 136|0x0000000612a00000, 0x0000000612a00000, 0x0000000612c00000|  0%| F|  |TAMS 0x0000000612a00000, 0x0000000612a00000| Untracked 
| 137|0x0000000612c00000, 0x0000000612c00000, 0x0000000612e00000|  0%| F|  |TAMS 0x0000000612c00000, 0x0000000612c00000| Untracked 
| 138|0x0000000612e00000, 0x0000000612e00000, 0x0000000613000000|  0%| F|  |TAMS 0x0000000612e00000, 0x0000000612e00000| Untracked 
| 139|0x0000000613000000, 0x0000000613000000, 0x0000000613200000|  0%| F|  |TAMS 0x0000000613000000, 0x0000000613000000| Untracked 
| 140|0x0000000613200000, 0x0000000613200000, 0x0000000613400000|  0%| F|  |TAMS 0x0000000613200000, 0x0000000613200000| Untracked 
| 141|0x0000000613400000, 0x0000000613400000, 0x0000000613600000|  0%| F|  |TAMS 0x0000000613400000, 0x0000000613400000| Untracked 
| 142|0x0000000613600000, 0x0000000613600000, 0x0000000613800000|  0%| F|  |TAMS 0x0000000613600000, 0x0000000613600000| Untracked 
| 143|0x0000000613800000, 0x0000000613800000, 0x0000000613a00000|  0%| F|  |TAMS 0x0000000613800000, 0x0000000613800000| Untracked 
| 144|0x0000000613a00000, 0x0000000613a00000, 0x0000000613c00000|  0%| F|  |TAMS 0x0000000613a00000, 0x0000000613a00000| Untracked 
| 145|0x0000000613c00000, 0x0000000613c00000, 0x0000000613e00000|  0%| F|  |TAMS 0x0000000613c00000, 0x0000000613c00000| Untracked 
| 146|0x0000000613e00000, 0x0000000613e00000, 0x0000000614000000|  0%| F|  |TAMS 0x0000000613e00000, 0x0000000613e00000| Untracked 
| 147|0x0000000614000000, 0x0000000614000000, 0x0000000614200000|  0%| F|  |TAMS 0x0000000614000000, 0x0000000614000000| Untracked 
| 148|0x0000000614200000, 0x0000000614200000, 0x0000000614400000|  0%| F|  |TAMS 0x0000000614200000, 0x0000000614200000| Untracked 
| 149|0x0000000614400000, 0x0000000614400000, 0x0000000614600000|  0%| F|  |TAMS 0x0000000614400000, 0x0000000614400000| Untracked 
| 150|0x0000000614600000, 0x0000000614600000, 0x0000000614800000|  0%| F|  |TAMS 0x0000000614600000, 0x0000000614600000| Untracked 
| 151|0x0000000614800000, 0x0000000614800000, 0x0000000614a00000|  0%| F|  |TAMS 0x0000000614800000, 0x0000000614800000| Untracked 
| 152|0x0000000614a00000, 0x0000000614a00000, 0x0000000614c00000|  0%| F|  |TAMS 0x0000000614a00000, 0x0000000614a00000| Untracked 
| 153|0x0000000614c00000, 0x0000000614c00000, 0x0000000614e00000|  0%| F|  |TAMS 0x0000000614c00000, 0x0000000614c00000| Untracked 
| 154|0x0000000614e00000, 0x0000000614e00000, 0x0000000615000000|  0%| F|  |TAMS 0x0000000614e00000, 0x0000000614e00000| Untracked 
| 155|0x0000000615000000, 0x0000000615000000, 0x0000000615200000|  0%| F|  |TAMS 0x0000000615000000, 0x0000000615000000| Untracked 
| 156|0x0000000615200000, 0x0000000615200000, 0x0000000615400000|  0%| F|  |TAMS 0x0000000615200000, 0x0000000615200000| Untracked 
| 157|0x0000000615400000, 0x0000000615400000, 0x0000000615600000|  0%| F|  |TAMS 0x0000000615400000, 0x0000000615400000| Untracked 
| 158|0x0000000615600000, 0x0000000615600000, 0x0000000615800000|  0%| F|  |TAMS 0x0000000615600000, 0x0000000615600000| Untracked 
| 159|0x0000000615800000, 0x0000000615800000, 0x0000000615a00000|  0%| F|  |TAMS 0x0000000615800000, 0x0000000615800000| Untracked 
| 160|0x0000000615a00000, 0x0000000615a00000, 0x0000000615c00000|  0%| F|  |TAMS 0x0000000615a00000, 0x0000000615a00000| Untracked 
| 161|0x0000000615c00000, 0x0000000615c00000, 0x0000000615e00000|  0%| F|  |TAMS 0x0000000615c00000, 0x0000000615c00000| Untracked 
| 162|0x0000000615e00000, 0x0000000615e00000, 0x0000000616000000|  0%| F|  |TAMS 0x0000000615e00000, 0x0000000615e00000| Untracked 
| 163|0x0000000616000000, 0x0000000616000000, 0x0000000616200000|  0%| F|  |TAMS 0x0000000616000000, 0x0000000616000000| Untracked 
| 164|0x0000000616200000, 0x0000000616200000, 0x0000000616400000|  0%| F|  |TAMS 0x0000000616200000, 0x0000000616200000| Untracked 
| 165|0x0000000616400000, 0x0000000616400000, 0x0000000616600000|  0%| F|  |TAMS 0x0000000616400000, 0x0000000616400000| Untracked 
| 166|0x0000000616600000, 0x0000000616600000, 0x0000000616800000|  0%| F|  |TAMS 0x0000000616600000, 0x0000000616600000| Untracked 
| 167|0x0000000616800000, 0x0000000616800000, 0x0000000616a00000|  0%| F|  |TAMS 0x0000000616800000, 0x0000000616800000| Untracked 
| 168|0x0000000616a00000, 0x0000000616a00000, 0x0000000616c00000|  0%| F|  |TAMS 0x0000000616a00000, 0x0000000616a00000| Untracked 
| 169|0x0000000616c00000, 0x0000000616dfe7b0, 0x0000000616e00000| 99%| S|CS|TAMS 0x0000000616c00000, 0x0000000616c00000| Complete 
| 170|0x0000000616e00000, 0x0000000617000000, 0x0000000617000000|100%| S|CS|TAMS 0x0000000616e00000, 0x0000000616e00000| Complete 
| 171|0x0000000617000000, 0x0000000617200000, 0x0000000617200000|100%| S|CS|TAMS 0x0000000617000000, 0x0000000617000000| Complete 
| 172|0x0000000617200000, 0x0000000617400000, 0x0000000617400000|100%| S|CS|TAMS 0x0000000617200000, 0x0000000617200000| Complete 
| 173|0x0000000617400000, 0x0000000617400000, 0x0000000617600000|  0%| F|  |TAMS 0x0000000617400000, 0x0000000617400000| Untracked 
| 174|0x0000000617600000, 0x0000000617600000, 0x0000000617800000|  0%| F|  |TAMS 0x0000000617600000, 0x0000000617600000| Untracked 
| 175|0x0000000617800000, 0x0000000617800000, 0x0000000617a00000|  0%| F|  |TAMS 0x0000000617800000, 0x0000000617800000| Untracked 
| 176|0x0000000617a00000, 0x0000000617a00000, 0x0000000617c00000|  0%| F|  |TAMS 0x0000000617a00000, 0x0000000617a00000| Untracked 
| 177|0x0000000617c00000, 0x0000000617c00000, 0x0000000617e00000|  0%| F|  |TAMS 0x0000000617c00000, 0x0000000617c00000| Untracked 
| 178|0x0000000617e00000, 0x0000000617e00000, 0x0000000618000000|  0%| F|  |TAMS 0x0000000617e00000, 0x0000000617e00000| Untracked 
| 179|0x0000000618000000, 0x0000000618000000, 0x0000000618200000|  0%| F|  |TAMS 0x0000000618000000, 0x0000000618000000| Untracked 
| 180|0x0000000618200000, 0x0000000618200000, 0x0000000618400000|  0%| F|  |TAMS 0x0000000618200000, 0x0000000618200000| Untracked 
| 181|0x0000000618400000, 0x0000000618400000, 0x0000000618600000|  0%| F|  |TAMS 0x0000000618400000, 0x0000000618400000| Untracked 
| 182|0x0000000618600000, 0x0000000618600000, 0x0000000618800000|  0%| F|  |TAMS 0x0000000618600000, 0x0000000618600000| Untracked 
| 183|0x0000000618800000, 0x0000000618800000, 0x0000000618a00000|  0%| F|  |TAMS 0x0000000618800000, 0x0000000618800000| Untracked 
| 184|0x0000000618a00000, 0x0000000618a00000, 0x0000000618c00000|  0%| F|  |TAMS 0x0000000618a00000, 0x0000000618a00000| Untracked 
| 185|0x0000000618c00000, 0x0000000618c00000, 0x0000000618e00000|  0%| F|  |TAMS 0x0000000618c00000, 0x0000000618c00000| Untracked 
| 186|0x0000000618e00000, 0x0000000618e00000, 0x0000000619000000|  0%| F|  |TAMS 0x0000000618e00000, 0x0000000618e00000| Untracked 
| 187|0x0000000619000000, 0x0000000619000000, 0x0000000619200000|  0%| F|  |TAMS 0x0000000619000000, 0x0000000619000000| Untracked 
| 188|0x0000000619200000, 0x0000000619200000, 0x0000000619400000|  0%| F|  |TAMS 0x0000000619200000, 0x0000000619200000| Untracked 
| 189|0x0000000619400000, 0x0000000619400000, 0x0000000619600000|  0%| F|  |TAMS 0x0000000619400000, 0x0000000619400000| Untracked 
| 190|0x0000000619600000, 0x0000000619600000, 0x0000000619800000|  0%| F|  |TAMS 0x0000000619600000, 0x0000000619600000| Untracked 
| 191|0x0000000619800000, 0x0000000619800000, 0x0000000619a00000|  0%| F|  |TAMS 0x0000000619800000, 0x0000000619800000| Untracked 
| 192|0x0000000619a00000, 0x0000000619a00000, 0x0000000619c00000|  0%| F|  |TAMS 0x0000000619a00000, 0x0000000619a00000| Untracked 
| 193|0x0000000619c00000, 0x0000000619c00000, 0x0000000619e00000|  0%| F|  |TAMS 0x0000000619c00000, 0x0000000619c00000| Untracked 
| 194|0x0000000619e00000, 0x0000000619e00000, 0x000000061a000000|  0%| F|  |TAMS 0x0000000619e00000, 0x0000000619e00000| Untracked 
| 195|0x000000061a000000, 0x000000061a000000, 0x000000061a200000|  0%| F|  |TAMS 0x000000061a000000, 0x000000061a000000| Untracked 
| 196|0x000000061a200000, 0x000000061a200000, 0x000000061a400000|  0%| F|  |TAMS 0x000000061a200000, 0x000000061a200000| Untracked 
| 197|0x000000061a400000, 0x000000061a400000, 0x000000061a600000|  0%| F|  |TAMS 0x000000061a400000, 0x000000061a400000| Untracked 
| 198|0x000000061a600000, 0x000000061a600000, 0x000000061a800000|  0%| F|  |TAMS 0x000000061a600000, 0x000000061a600000| Untracked 
| 199|0x000000061a800000, 0x000000061a800000, 0x000000061aa00000|  0%| F|  |TAMS 0x000000061a800000, 0x000000061a800000| Untracked 
| 200|0x000000061aa00000, 0x000000061aa00000, 0x000000061ac00000|  0%| F|  |TAMS 0x000000061aa00000, 0x000000061aa00000| Untracked 
| 201|0x000000061ac00000, 0x000000061ac00000, 0x000000061ae00000|  0%| F|  |TAMS 0x000000061ac00000, 0x000000061ac00000| Untracked 
| 202|0x000000061ae00000, 0x000000061ae00000, 0x000000061b000000|  0%| F|  |TAMS 0x000000061ae00000, 0x000000061ae00000| Untracked 
| 203|0x000000061b000000, 0x000000061b000000, 0x000000061b200000|  0%| F|  |TAMS 0x000000061b000000, 0x000000061b000000| Untracked 
| 204|0x000000061b200000, 0x000000061b200000, 0x000000061b400000|  0%| F|  |TAMS 0x000000061b200000, 0x000000061b200000| Untracked 
| 205|0x000000061b400000, 0x000000061b400000, 0x000000061b600000|  0%| F|  |TAMS 0x000000061b400000, 0x000000061b400000| Untracked 
| 206|0x000000061b600000, 0x000000061b600000, 0x000000061b800000|  0%| F|  |TAMS 0x000000061b600000, 0x000000061b600000| Untracked 
| 207|0x000000061b800000, 0x000000061b800000, 0x000000061ba00000|  0%| F|  |TAMS 0x000000061b800000, 0x000000061b800000| Untracked 
| 208|0x000000061ba00000, 0x000000061ba00000, 0x000000061bc00000|  0%| F|  |TAMS 0x000000061ba00000, 0x000000061ba00000| Untracked 
| 209|0x000000061bc00000, 0x000000061bc00000, 0x000000061be00000|  0%| F|  |TAMS 0x000000061bc00000, 0x000000061bc00000| Untracked 
| 210|0x000000061be00000, 0x000000061be00000, 0x000000061c000000|  0%| F|  |TAMS 0x000000061be00000, 0x000000061be00000| Untracked 
| 211|0x000000061c000000, 0x000000061c000000, 0x000000061c200000|  0%| F|  |TAMS 0x000000061c000000, 0x000000061c000000| Untracked 
| 212|0x000000061c200000, 0x000000061c200000, 0x000000061c400000|  0%| F|  |TAMS 0x000000061c200000, 0x000000061c200000| Untracked 
| 213|0x000000061c400000, 0x000000061c400000, 0x000000061c600000|  0%| F|  |TAMS 0x000000061c400000, 0x000000061c400000| Untracked 
| 214|0x000000061c600000, 0x000000061c600000, 0x000000061c800000|  0%| F|  |TAMS 0x000000061c600000, 0x000000061c600000| Untracked 
| 215|0x000000061c800000, 0x000000061c800000, 0x000000061ca00000|  0%| F|  |TAMS 0x000000061c800000, 0x000000061c800000| Untracked 
| 216|0x000000061ca00000, 0x000000061ca00000, 0x000000061cc00000|  0%| F|  |TAMS 0x000000061ca00000, 0x000000061ca00000| Untracked 
| 217|0x000000061cc00000, 0x000000061cc00000, 0x000000061ce00000|  0%| F|  |TAMS 0x000000061cc00000, 0x000000061cc00000| Untracked 
| 218|0x000000061ce00000, 0x000000061ce00000, 0x000000061d000000|  0%| F|  |TAMS 0x000000061ce00000, 0x000000061ce00000| Untracked 
| 219|0x000000061d000000, 0x000000061d000000, 0x000000061d200000|  0%| F|  |TAMS 0x000000061d000000, 0x000000061d000000| Untracked 
| 220|0x000000061d200000, 0x000000061d200000, 0x000000061d400000|  0%| F|  |TAMS 0x000000061d200000, 0x000000061d200000| Untracked 
| 221|0x000000061d400000, 0x000000061d400000, 0x000000061d600000|  0%| F|  |TAMS 0x000000061d400000, 0x000000061d400000| Untracked 
| 222|0x000000061d600000, 0x000000061d600000, 0x000000061d800000|  0%| F|  |TAMS 0x000000061d600000, 0x000000061d600000| Untracked 
| 223|0x000000061d800000, 0x000000061d800000, 0x000000061da00000|  0%| F|  |TAMS 0x000000061d800000, 0x000000061d800000| Untracked 
| 224|0x000000061da00000, 0x000000061da00000, 0x000000061dc00000|  0%| F|  |TAMS 0x000000061da00000, 0x000000061da00000| Untracked 
| 225|0x000000061dc00000, 0x000000061dc00000, 0x000000061de00000|  0%| F|  |TAMS 0x000000061dc00000, 0x000000061dc00000| Untracked 
| 226|0x000000061de00000, 0x000000061de00000, 0x000000061e000000|  0%| F|  |TAMS 0x000000061de00000, 0x000000061de00000| Untracked 
| 227|0x000000061e000000, 0x000000061e000000, 0x000000061e200000|  0%| F|  |TAMS 0x000000061e000000, 0x000000061e000000| Untracked 
| 228|0x000000061e200000, 0x000000061e200000, 0x000000061e400000|  0%| F|  |TAMS 0x000000061e200000, 0x000000061e200000| Untracked 
| 229|0x000000061e400000, 0x000000061e400000, 0x000000061e600000|  0%| F|  |TAMS 0x000000061e400000, 0x000000061e400000| Untracked 
| 230|0x000000061e600000, 0x000000061e600000, 0x000000061e800000|  0%| F|  |TAMS 0x000000061e600000, 0x000000061e600000| Untracked 
| 231|0x000000061e800000, 0x000000061e800000, 0x000000061ea00000|  0%| F|  |TAMS 0x000000061e800000, 0x000000061e800000| Untracked 
| 232|0x000000061ea00000, 0x000000061ea00000, 0x000000061ec00000|  0%| F|  |TAMS 0x000000061ea00000, 0x000000061ea00000| Untracked 
| 233|0x000000061ec00000, 0x000000061ec00000, 0x000000061ee00000|  0%| F|  |TAMS 0x000000061ec00000, 0x000000061ec00000| Untracked 
| 234|0x000000061ee00000, 0x000000061ee00000, 0x000000061f000000|  0%| F|  |TAMS 0x000000061ee00000, 0x000000061ee00000| Untracked 
| 235|0x000000061f000000, 0x000000061f000000, 0x000000061f200000|  0%| F|  |TAMS 0x000000061f000000, 0x000000061f000000| Untracked 
| 236|0x000000061f200000, 0x000000061f200000, 0x000000061f400000|  0%| F|  |TAMS 0x000000061f200000, 0x000000061f200000| Untracked 
| 237|0x000000061f400000, 0x000000061f400000, 0x000000061f600000|  0%| F|  |TAMS 0x000000061f400000, 0x000000061f400000| Untracked 
| 238|0x000000061f600000, 0x000000061f600000, 0x000000061f800000|  0%| F|  |TAMS 0x000000061f600000, 0x000000061f600000| Untracked 
| 239|0x000000061f800000, 0x000000061f800000, 0x000000061fa00000|  0%| F|  |TAMS 0x000000061f800000, 0x000000061f800000| Untracked 
| 240|0x000000061fa00000, 0x000000061fa00000, 0x000000061fc00000|  0%| F|  |TAMS 0x000000061fa00000, 0x000000061fa00000| Untracked 
| 241|0x000000061fc00000, 0x000000061fc00000, 0x000000061fe00000|  0%| F|  |TAMS 0x000000061fc00000, 0x000000061fc00000| Untracked 
| 242|0x000000061fe00000, 0x000000061fe00000, 0x0000000620000000|  0%| F|  |TAMS 0x000000061fe00000, 0x000000061fe00000| Untracked 
| 243|0x0000000620000000, 0x0000000620000000, 0x0000000620200000|  0%| F|  |TAMS 0x0000000620000000, 0x0000000620000000| Untracked 
| 244|0x0000000620200000, 0x0000000620200000, 0x0000000620400000|  0%| F|  |TAMS 0x0000000620200000, 0x0000000620200000| Untracked 
| 245|0x0000000620400000, 0x0000000620400000, 0x0000000620600000|  0%| F|  |TAMS 0x0000000620400000, 0x0000000620400000| Untracked 
| 246|0x0000000620600000, 0x0000000620600000, 0x0000000620800000|  0%| F|  |TAMS 0x0000000620600000, 0x0000000620600000| Untracked 
| 247|0x0000000620800000, 0x0000000620800000, 0x0000000620a00000|  0%| F|  |TAMS 0x0000000620800000, 0x0000000620800000| Untracked 
| 248|0x0000000620a00000, 0x0000000620a00000, 0x0000000620c00000|  0%| F|  |TAMS 0x0000000620a00000, 0x0000000620a00000| Untracked 
| 249|0x0000000620c00000, 0x0000000620c00000, 0x0000000620e00000|  0%| F|  |TAMS 0x0000000620c00000, 0x0000000620c00000| Untracked 
| 250|0x0000000620e00000, 0x0000000620e00000, 0x0000000621000000|  0%| F|  |TAMS 0x0000000620e00000, 0x0000000620e00000| Untracked 
| 251|0x0000000621000000, 0x0000000621000000, 0x0000000621200000|  0%| F|  |TAMS 0x0000000621000000, 0x0000000621000000| Untracked 
| 252|0x0000000621200000, 0x0000000621200000, 0x0000000621400000|  0%| F|  |TAMS 0x0000000621200000, 0x0000000621200000| Untracked 
| 253|0x0000000621400000, 0x0000000621400000, 0x0000000621600000|  0%| F|  |TAMS 0x0000000621400000, 0x0000000621400000| Untracked 
| 254|0x0000000621600000, 0x0000000621600000, 0x0000000621800000|  0%| F|  |TAMS 0x0000000621600000, 0x0000000621600000| Untracked 
| 255|0x0000000621800000, 0x0000000621800000, 0x0000000621a00000|  0%| F|  |TAMS 0x0000000621800000, 0x0000000621800000| Untracked 
| 256|0x0000000621a00000, 0x0000000621a00000, 0x0000000621c00000|  0%| F|  |TAMS 0x0000000621a00000, 0x0000000621a00000| Untracked 
| 257|0x0000000621c00000, 0x0000000621c00000, 0x0000000621e00000|  0%| F|  |TAMS 0x0000000621c00000, 0x0000000621c00000| Untracked 
| 258|0x0000000621e00000, 0x0000000621e00000, 0x0000000622000000|  0%| F|  |TAMS 0x0000000621e00000, 0x0000000621e00000| Untracked 
| 259|0x0000000622000000, 0x0000000622000000, 0x0000000622200000|  0%| F|  |TAMS 0x0000000622000000, 0x0000000622000000| Untracked 
| 260|0x0000000622200000, 0x0000000622200000, 0x0000000622400000|  0%| F|  |TAMS 0x0000000622200000, 0x0000000622200000| Untracked 
| 261|0x0000000622400000, 0x0000000622400000, 0x0000000622600000|  0%| F|  |TAMS 0x0000000622400000, 0x0000000622400000| Untracked 
| 262|0x0000000622600000, 0x0000000622600000, 0x0000000622800000|  0%| F|  |TAMS 0x0000000622600000, 0x0000000622600000| Untracked 
| 263|0x0000000622800000, 0x0000000622800000, 0x0000000622a00000|  0%| F|  |TAMS 0x0000000622800000, 0x0000000622800000| Untracked 
| 264|0x0000000622a00000, 0x0000000622a00000, 0x0000000622c00000|  0%| F|  |TAMS 0x0000000622a00000, 0x0000000622a00000| Untracked 
| 265|0x0000000622c00000, 0x0000000622c00000, 0x0000000622e00000|  0%| F|  |TAMS 0x0000000622c00000, 0x0000000622c00000| Untracked 
| 266|0x0000000622e00000, 0x0000000622e00000, 0x0000000623000000|  0%| F|  |TAMS 0x0000000622e00000, 0x0000000622e00000| Untracked 
| 267|0x0000000623000000, 0x0000000623000000, 0x0000000623200000|  0%| F|  |TAMS 0x0000000623000000, 0x0000000623000000| Untracked 
| 268|0x0000000623200000, 0x0000000623200000, 0x0000000623400000|  0%| F|  |TAMS 0x0000000623200000, 0x0000000623200000| Untracked 
| 269|0x0000000623400000, 0x0000000623400000, 0x0000000623600000|  0%| F|  |TAMS 0x0000000623400000, 0x0000000623400000| Untracked 
| 270|0x0000000623600000, 0x0000000623600000, 0x0000000623800000|  0%| F|  |TAMS 0x0000000623600000, 0x0000000623600000| Untracked 
| 271|0x0000000623800000, 0x0000000623900800, 0x0000000623a00000| 50%| E|  |TAMS 0x0000000623800000, 0x0000000623800000| Complete 
| 272|0x0000000623a00000, 0x0000000623c00000, 0x0000000623c00000|100%| E|CS|TAMS 0x0000000623a00000, 0x0000000623a00000| Complete 
| 273|0x0000000623c00000, 0x0000000623e00000, 0x0000000623e00000|100%| E|CS|TAMS 0x0000000623c00000, 0x0000000623c00000| Complete 
| 274|0x0000000623e00000, 0x0000000624000000, 0x0000000624000000|100%| E|CS|TAMS 0x0000000623e00000, 0x0000000623e00000| Complete 
| 275|0x0000000624000000, 0x0000000624200000, 0x0000000624200000|100%| E|CS|TAMS 0x0000000624000000, 0x0000000624000000| Complete 
| 276|0x0000000624200000, 0x0000000624400000, 0x0000000624400000|100%| E|CS|TAMS 0x0000000624200000, 0x0000000624200000| Complete 
| 277|0x0000000624400000, 0x0000000624600000, 0x0000000624600000|100%| E|CS|TAMS 0x0000000624400000, 0x0000000624400000| Complete 
| 278|0x0000000624600000, 0x0000000624800000, 0x0000000624800000|100%| E|CS|TAMS 0x0000000624600000, 0x0000000624600000| Complete 
| 279|0x0000000624800000, 0x0000000624a00000, 0x0000000624a00000|100%| E|CS|TAMS 0x0000000624800000, 0x0000000624800000| Complete 
| 280|0x0000000624a00000, 0x0000000624c00000, 0x0000000624c00000|100%| E|CS|TAMS 0x0000000624a00000, 0x0000000624a00000| Complete 
| 281|0x0000000624c00000, 0x0000000624e00000, 0x0000000624e00000|100%| E|CS|TAMS 0x0000000624c00000, 0x0000000624c00000| Complete 
| 282|0x0000000624e00000, 0x0000000625000000, 0x0000000625000000|100%| E|CS|TAMS 0x0000000624e00000, 0x0000000624e00000| Complete 
| 283|0x0000000625000000, 0x0000000625200000, 0x0000000625200000|100%| E|CS|TAMS 0x0000000625000000, 0x0000000625000000| Complete 
| 284|0x0000000625200000, 0x0000000625400000, 0x0000000625400000|100%| E|CS|TAMS 0x0000000625200000, 0x0000000625200000| Complete 
| 285|0x0000000625400000, 0x0000000625600000, 0x0000000625600000|100%| E|  |TAMS 0x0000000625400000, 0x0000000625400000| Complete 
| 286|0x0000000625600000, 0x0000000625800000, 0x0000000625800000|100%| E|CS|TAMS 0x0000000625600000, 0x0000000625600000| Complete 
| 287|0x0000000625800000, 0x0000000625a00000, 0x0000000625a00000|100%| E|CS|TAMS 0x0000000625800000, 0x0000000625800000| Complete 
| 288|0x0000000625a00000, 0x0000000625c00000, 0x0000000625c00000|100%| E|CS|TAMS 0x0000000625a00000, 0x0000000625a00000| Complete 
| 289|0x0000000625c00000, 0x0000000625e00000, 0x0000000625e00000|100%| E|CS|TAMS 0x0000000625c00000, 0x0000000625c00000| Complete 
| 290|0x0000000625e00000, 0x0000000626000000, 0x0000000626000000|100%| E|CS|TAMS 0x0000000625e00000, 0x0000000625e00000| Complete 
| 291|0x0000000626000000, 0x0000000626200000, 0x0000000626200000|100%| E|CS|TAMS 0x0000000626000000, 0x0000000626000000| Complete 
| 292|0x0000000626200000, 0x0000000626400000, 0x0000000626400000|100%| E|CS|TAMS 0x0000000626200000, 0x0000000626200000| Complete 
| 293|0x0000000626400000, 0x0000000626600000, 0x0000000626600000|100%| E|CS|TAMS 0x0000000626400000, 0x0000000626400000| Complete 
| 294|0x0000000626600000, 0x0000000626800000, 0x0000000626800000|100%| E|CS|TAMS 0x0000000626600000, 0x0000000626600000| Complete 
| 295|0x0000000626800000, 0x0000000626a00000, 0x0000000626a00000|100%| E|CS|TAMS 0x0000000626800000, 0x0000000626800000| Complete 
| 296|0x0000000626a00000, 0x0000000626c00000, 0x0000000626c00000|100%| E|CS|TAMS 0x0000000626a00000, 0x0000000626a00000| Complete 
| 297|0x0000000626c00000, 0x0000000626e00000, 0x0000000626e00000|100%| E|CS|TAMS 0x0000000626c00000, 0x0000000626c00000| Complete 
| 298|0x0000000626e00000, 0x0000000627000000, 0x0000000627000000|100%| E|CS|TAMS 0x0000000626e00000, 0x0000000626e00000| Complete 
| 299|0x0000000627000000, 0x0000000627200000, 0x0000000627200000|100%| E|CS|TAMS 0x0000000627000000, 0x0000000627000000| Complete 
| 300|0x0000000627200000, 0x0000000627400000, 0x0000000627400000|100%| E|CS|TAMS 0x0000000627200000, 0x0000000627200000| Complete 
| 301|0x0000000627400000, 0x0000000627600000, 0x0000000627600000|100%| E|CS|TAMS 0x0000000627400000, 0x0000000627400000| Complete 
| 302|0x0000000627600000, 0x0000000627800000, 0x0000000627800000|100%| E|CS|TAMS 0x0000000627600000, 0x0000000627600000| Complete 
| 303|0x0000000627800000, 0x0000000627a00000, 0x0000000627a00000|100%| E|CS|TAMS 0x0000000627800000, 0x0000000627800000| Complete 
| 304|0x0000000627a00000, 0x0000000627c00000, 0x0000000627c00000|100%| E|CS|TAMS 0x0000000627a00000, 0x0000000627a00000| Complete 
| 305|0x0000000627c00000, 0x0000000627e00000, 0x0000000627e00000|100%| E|CS|TAMS 0x0000000627c00000, 0x0000000627c00000| Complete 
| 306|0x0000000627e00000, 0x0000000628000000, 0x0000000628000000|100%| E|CS|TAMS 0x0000000627e00000, 0x0000000627e00000| Complete 
| 307|0x0000000628000000, 0x0000000628200000, 0x0000000628200000|100%| E|CS|TAMS 0x0000000628000000, 0x0000000628000000| Complete 

Card table byte_map: [0x000001c07e550000,0x000001c07f550000] _byte_map_base: 0x000001c07b543000

Marking Bits (Prev, Next): (CMBitMap*) 0x000001c06550d6c8, (CMBitMap*) 0x000001c06550d700
 Prev Bits: [0x000001c001000000, 0x000001c008f98000)
 Next Bits: [0x000001c008fa0000, 0x000001c010f38000)

Polling page: 0x000001c063b30000

Metaspace:

Usage:
  Non-class:     39.94 MB capacity,    39.31 MB ( 98%) used,   500.73 KB (  1%) free+waste,   143.13 KB ( <1%) overhead. 
      Class:      5.89 MB capacity,     5.43 MB ( 92%) used,   400.15 KB (  7%) free+waste,    67.19 KB (  1%) overhead. 
       Both:     45.83 MB capacity,    44.75 MB ( 98%) used,   900.88 KB (  2%) free+waste,   210.31 KB ( <1%) overhead. 

Virtual space:
  Non-class space:       40.00 MB reserved,      40.00 MB (100%) committed 
      Class space:        1.00 GB reserved,       6.00 MB ( <1%) committed 
             Both:        1.04 GB reserved,      46.00 MB (  4%) committed 

Chunk freelists:
   Non-Class:  0 bytes
       Class:  17.00 KB
        Both:  17.00 KB

CodeHeap 'non-profiled nmethods': size=120000Kb used=2323Kb max_used=2323Kb free=117676Kb
 bounds [0x000001c0755c0000, 0x000001c075830000, 0x000001c07caf0000]
CodeHeap 'profiled nmethods': size=120000Kb used=9300Kb max_used=9300Kb free=110699Kb
 bounds [0x000001c06e090000, 0x000001c06e9b0000, 0x000001c0755c0000]
CodeHeap 'non-nmethods': size=5760Kb used=1178Kb max_used=1225Kb free=4581Kb
 bounds [0x000001c06daf0000, 0x000001c06dd60000, 0x000001c06e090000]
 total_blobs=5384 nmethods=3868 adapters=423
 compilation: enabled
              stopped_count=0, restarted_count=0
 full_count=0

Compilation events (10 events):
Event: 6.685 Thread 0x000001c013af3000 3998       3       java.lang.reflect.Executable::isVarArgs (17 bytes)
Event: 6.685 Thread 0x000001c013af3000 nmethod 3998 0x000001c06e9a3e10 code [0x000001c06e9a3fe0, 0x000001c06e9a4270]
Event: 6.686 Thread 0x000001c013af3000 4002       3       org.springframework.asm.ClassReader::readUtf (44 bytes)
Event: 6.687 Thread 0x000001c013af3000 nmethod 4002 0x000001c06e9a4310 code [0x000001c06e9a4500, 0x000001c06e9a49f0]
Event: 6.697 Thread 0x000001c013af3000 4003       3       java.lang.Class::getDeclaredMethods (27 bytes)
Event: 6.698 Thread 0x000001c013af3000 nmethod 4003 0x000001c06e9a4c10 code [0x000001c06e9a4e00, 0x000001c06e9a5100]
Event: 6.700 Thread 0x000001c013af3000 4004       3       org.springframework.asm.Label::accept (65 bytes)
Event: 6.701 Thread 0x000001c013af3000 nmethod 4004 0x000001c06e9a5210 code [0x000001c06e9a5400, 0x000001c06e9a59d0]
Event: 6.722 Thread 0x000001c013af3000 4005       3       org.springframework.core.convert.TypeDescriptor$AnnotatedElementAdapter::<init> (15 bytes)
Event: 6.722 Thread 0x000001c013af3000 nmethod 4005 0x000001c06e9a5b90 code [0x000001c06e9a5d40, 0x000001c06e9a5fb8]

GC Heap History (10 events):
Event: 0.705 GC heap before
{Heap before GC invocations=0 (full 0):
 garbage-first heap   total 524288K, used 22528K [0x0000000601a00000, 0x0000000800000000)
  region size 2048K, 12 young (24576K), 0 survivors (0K)
 Metaspace       used 10913K, capacity 11071K, committed 11136K, reserved 1058816K
  class space    used 1041K, capacity 1103K, committed 1152K, reserved 1048576K
}
Event: 0.710 GC heap after
{Heap after GC invocations=1 (full 0):
 garbage-first heap   total 524288K, used 5484K [0x0000000601a00000, 0x0000000800000000)
  region size 2048K, 2 young (4096K), 2 survivors (4096K)
 Metaspace       used 10913K, capacity 11071K, committed 11136K, reserved 1058816K
  class space    used 1041K, capacity 1103K, committed 1152K, reserved 1048576K
}
Event: 0.992 GC heap before
{Heap before GC invocations=1 (full 0):
 garbage-first heap   total 524288K, used 50540K [0x0000000601a00000, 0x0000000800000000)
  region size 2048K, 25 young (51200K), 2 survivors (4096K)
 Metaspace       used 13915K, capacity 14157K, committed 14336K, reserved 1062912K
  class space    used 1389K, capacity 1480K, committed 1536K, reserved 1048576K
}
Event: 0.996 GC heap after
{Heap after GC invocations=2 (full 0):
 garbage-first heap   total 524288K, used 6442K [0x0000000601a00000, 0x0000000800000000)
  region size 2048K, 3 young (6144K), 3 survivors (6144K)
 Metaspace       used 13915K, capacity 14157K, committed 14336K, reserved 1062912K
  class space    used 1389K, capacity 1480K, committed 1536K, reserved 1048576K
}
Event: 1.577 GC heap before
{Heap before GC invocations=2 (full 0):
 garbage-first heap   total 524288K, used 43306K [0x0000000601a00000, 0x0000000800000000)
  region size 2048K, 22 young (45056K), 3 survivors (6144K)
 Metaspace       used 20742K, capacity 21192K, committed 21296K, reserved 1069056K
  class space    used 2246K, capacity 2429K, committed 2432K, reserved 1048576K
}
Event: 1.585 GC heap after
{Heap after GC invocations=3 (full 0):
 garbage-first heap   total 524288K, used 7590K [0x0000000601a00000, 0x0000000800000000)
  region size 2048K, 2 young (4096K), 2 survivors (4096K)
 Metaspace       used 20742K, capacity 21192K, committed 21296K, reserved 1069056K
  class space    used 2246K, capacity 2429K, committed 2432K, reserved 1048576K
}
Event: 2.182 GC heap before
{Heap before GC invocations=4 (full 0):
 garbage-first heap   total 524288K, used 75174K [0x0000000601a00000, 0x0000000800000000)
  region size 2048K, 36 young (73728K), 2 survivors (4096K)
 Metaspace       used 24663K, capacity 25290K, committed 25600K, reserved 1071104K
  class space    used 2744K, capacity 2979K, committed 3072K, reserved 1048576K
}
Event: 2.187 GC heap after
{Heap after GC invocations=5 (full 0):
 garbage-first heap   total 524288K, used 9139K [0x0000000601a00000, 0x0000000800000000)
  region size 2048K, 2 young (4096K), 2 survivors (4096K)
 Metaspace       used 24663K, capacity 25290K, committed 25600K, reserved 1071104K
  class space    used 2744K, capacity 2979K, committed 3072K, reserved 1048576K
}
Event: 5.195 GC heap before
{Heap before GC invocations=5 (full 0):
 garbage-first heap   total 524288K, used 170931K [0x0000000601a00000, 0x0000000800000000)
  region size 2048K, 83 young (169984K), 2 survivors (4096K)
 Metaspace       used 34906K, capacity 35909K, committed 35968K, reserved 1081344K
  class space    used 4044K, capacity 4453K, committed 4480K, reserved 1048576K
}
Event: 5.226 GC heap after
{Heap after GC invocations=6 (full 0):
 garbage-first heap   total 630784K, used 13504K [0x0000000601a00000, 0x0000000800000000)
  region size 2048K, 4 young (8192K), 4 survivors (8192K)
 Metaspace       used 34906K, capacity 35909K, committed 35968K, reserved 1081344K
  class space    used 4044K, capacity 4453K, committed 4480K, reserved 1048576K
}

Deoptimization events (10 events):
Event: 6.364 Thread 0x000001c018ea6800 Uncommon trap: reason=unstable_if action=reinterpret pc=0x000001c07575f844 method=java.util.Properties.load0(Ljava/util/Properties$LineReader;)V @ 161 c2
Event: 6.365 Thread 0x000001c018ea6800 Uncommon trap: reason=unstable_if action=reinterpret pc=0x000001c075766ec0 method=sun.nio.cs.UTF_8$Decoder.decodeArrayLoop(Ljava/nio/ByteBuffer;Ljava/nio/CharBuffer;)Ljava/nio/charset/CoderResult; @ 110 c2
Event: 6.412 Thread 0x000001c014a35800 Uncommon trap: reason=unstable_if action=reinterpret pc=0x000001c0757bb94c method=java.lang.PublicMethods$MethodList.filter([Ljava/lang/reflect/Method;Ljava/lang/String;[Ljava/lang/Class;Z)Ljava/lang/PublicMethods$MethodList; @ 43 c2
Event: 6.412 Thread 0x000001c014a35800 Uncommon trap: reason=profile_predicate action=maybe_recompile pc=0x000001c0757ad4b0 method=java.lang.PublicMethods$MethodList.filter([Ljava/lang/reflect/Method;Ljava/lang/String;[Ljava/lang/Class;Z)Ljava/lang/PublicMethods$MethodList; @ 17 c2
Event: 6.637 Thread 0x000001c014a35800 Uncommon trap: reason=unstable_if action=reinterpret pc=0x000001c0755ddea4 method=java.lang.AbstractStringBuilder.putStringAt(ILjava/lang/String;)V @ 8 c2
Event: 6.637 Thread 0x000001c014a35800 Uncommon trap: reason=unstable_if action=reinterpret pc=0x000001c075636df4 method=java.lang.String.getBytes([BIB)V @ 5 c2
Event: 6.637 Thread 0x000001c014a35800 Uncommon trap: reason=unstable_if action=reinterpret pc=0x000001c075601468 method=java.lang.StringBuilder.toString()Ljava/lang/String; @ 4 c2
Event: 6.667 Thread 0x000001c014a35800 Uncommon trap: reason=unstable_if action=reinterpret pc=0x000001c0757c2e88 method=org.springframework.core.annotation.TypeMappedAnnotations$MergedAnnotationFinder.doWithAnnotations(Ljava/lang/Object;ILjava/lang/Object;[Ljava/lang/annotation/Annotation;)Lo
Event: 6.673 Thread 0x000001c014a35800 Uncommon trap: reason=unstable_if action=reinterpret pc=0x000001c0756f3164 method=org.springframework.beans.factory.support.AbstractAutowireCapableBeanFactory.determineTargetType(Ljava/lang/String;Lorg/springframework/beans/factory/support/RootBeanDefinit
Event: 6.685 Thread 0x000001c014a35800 Uncommon trap: reason=unstable_if action=reinterpret pc=0x000001c0756fbb68 method=org.springframework.asm.ClassReader.readUtf(II[C)Ljava/lang/String; @ 41 c2

Classes redefined (0 events):
No events

Internal exceptions (10 events):
Event: 6.659 Thread 0x000001c014a35800 Exception <a 'java/lang/ClassNotFoundException'{0x0000000623d45e10}: org/springframework/beans/factory/AwareCustomizer> (0x0000000623d45e10) thrown at [c:/cygwin64/tmp/openjdk-jdk11u-windows-x64-hotspot/workspace/build/src/src/hotspot/share/classfile/syst
Event: 6.660 Thread 0x000001c014a35800 Exception <a 'java/lang/ClassNotFoundException'{0x0000000623d52738}: org/springframework/beans/factory/BeanFactoryAwareCustomizer> (0x0000000623d52738) thrown at [c:/cygwin64/tmp/openjdk-jdk11u-windows-x64-hotspot/workspace/build/src/src/hotspot/share/cla
Event: 6.660 Thread 0x000001c014a35800 Exception <a 'java/lang/ClassNotFoundException'{0x0000000623d5eec8}: org/springframework/beans/factory/AwareCustomizer> (0x0000000623d5eec8) thrown at [c:/cygwin64/tmp/openjdk-jdk11u-windows-x64-hotspot/workspace/build/src/src/hotspot/share/classfile/syst
Event: 6.661 Thread 0x000001c014a35800 Exception <a 'java/lang/ClassNotFoundException'{0x0000000623d6c478}: org/springframework/context/ApplicationEventPublisherAwareCustomizer> (0x0000000623d6c478) thrown at [c:/cygwin64/tmp/openjdk-jdk11u-windows-x64-hotspot/workspace/build/src/src/hotspot/s
Event: 6.661 Thread 0x000001c014a35800 Exception <a 'java/lang/ClassNotFoundException'{0x0000000623d78e60}: org/springframework/beans/factory/AwareCustomizer> (0x0000000623d78e60) thrown at [c:/cygwin64/tmp/openjdk-jdk11u-windows-x64-hotspot/workspace/build/src/src/hotspot/share/classfile/syst
Event: 6.676 Thread 0x000001c014a35800 Exception <a 'java/lang/ClassNotFoundException'{0x0000000623da4d00}: java/lang/ObjectCustomizer> (0x0000000623da4d00) thrown at [c:/cygwin64/tmp/openjdk-jdk11u-windows-x64-hotspot/workspace/build/src/src/hotspot/share/classfile/systemDictionary.cpp, line 
Event: 6.677 Thread 0x000001c014a35800 Exception <a 'java/lang/ClassNotFoundException'{0x0000000623db6010}: org/springframework/core/io/support/PropertiesLoaderSupportCustomizer> (0x0000000623db6010) thrown at [c:/cygwin64/tmp/openjdk-jdk11u-windows-x64-hotspot/workspace/build/src/src/hotspot/
Event: 6.679 Thread 0x000001c014a35800 Exception <a 'java/lang/ClassNotFoundException'{0x0000000623dccb08}: org/springframework/beans/factory/config/PropertiesFactoryBeanCustomizer> (0x0000000623dccb08) thrown at [c:/cygwin64/tmp/openjdk-jdk11u-windows-x64-hotspot/workspace/build/src/src/hotsp
Event: 6.680 Thread 0x000001c014a35800 Exception <a 'java/lang/ClassNotFoundException'{0x0000000623de9560}: org/springframework/beans/factory/FactoryBeanCustomizer> (0x0000000623de9560) thrown at [c:/cygwin64/tmp/openjdk-jdk11u-windows-x64-hotspot/workspace/build/src/src/hotspot/share/classfil
Event: 6.681 Thread 0x000001c014a35800 Exception <a 'java/lang/ClassNotFoundException'{0x0000000623df8e40}: org/springframework/beans/factory/InitializingBeanCustomizer> (0x0000000623df8e40) thrown at [c:/cygwin64/tmp/openjdk-jdk11u-windows-x64-hotspot/workspace/build/src/src/hotspot/share/cla

Events (10 events):
Event: 6.728 loading class org/springframework/data/jpa/provider/ProxyIdAccessor
Event: 6.728 loading class org/springframework/data/jpa/provider/ProxyIdAccessor done
Event: 6.729 loading class org/springframework/data/mapping/PersistentProperty
Event: 6.729 loading class org/springframework/data/mapping/PersistentProperty done
Event: 6.729 loading class org/springframework/data/jpa/mapping/JpaPersistentProperty
Event: 6.729 loading class org/springframework/data/jpa/mapping/JpaPersistentProperty done
Event: 6.730 loading class javax/persistence/metamodel/Metamodel
Event: 6.730 loading class javax/persistence/metamodel/Metamodel done
Event: 6.730 loading class javax/persistence/EntityManagerFactory
Event: 6.730 loading class javax/persistence/EntityManagerFactory done


Dynamic libraries:
0x00007ff6a2310000 - 0x00007ff6a235a000 	C:\Program Files\AdoptOpenJDK\jdk-11.0.3.7-hotspot\bin\javaw.exe
0x00007fff3ed40000 - 0x00007fff3ef30000 	C:\WINDOWS\SYSTEM32\ntdll.dll
0x00007fff3dfc0000 - 0x00007fff3e072000 	C:\WINDOWS\System32\KERNEL32.DLL
0x00007fff3c560000 - 0x00007fff3c804000 	C:\WINDOWS\System32\KERNELBASE.dll
0x00007fff3e1c0000 - 0x00007fff3e355000 	C:\WINDOWS\System32\USER32.dll
0x00007fff3bda0000 - 0x00007fff3bdc1000 	C:\WINDOWS\System32\win32u.dll
0x00007fff3daf0000 - 0x00007fff3db16000 	C:\WINDOWS\System32\GDI32.dll
0x00007fff3c810000 - 0x00007fff3c9a6000 	C:\WINDOWS\System32\gdi32full.dll
0x00007fff3cbb0000 - 0x00007fff3cc4e000 	C:\WINDOWS\System32\msvcp_win.dll
0x00007fff3ccd0000 - 0x00007fff3cdca000 	C:\WINDOWS\System32\ucrtbase.dll
0x00007fff2b010000 - 0x00007fff2b294000 	C:\WINDOWS\WinSxS\amd64_microsoft.windows.common-controls_6595b64144ccf1df_6.0.18362.1016_none_9e7a36bbe461dae4\COMCTL32.dll
0x00007fff3cfa0000 - 0x00007fff3d03e000 	C:\WINDOWS\System32\msvcrt.dll
0x00007fff3d7b0000 - 0x00007fff3dae5000 	C:\WINDOWS\System32\combase.dll
0x00007fff3cdf0000 - 0x00007fff3cf10000 	C:\WINDOWS\System32\RPCRT4.dll
0x00007fff3cc50000 - 0x00007fff3ccd0000 	C:\WINDOWS\System32\bcryptPrimitives.dll
0x00007fff3e7e0000 - 0x00007fff3e80e000 	C:\WINDOWS\System32\IMM32.DLL
0x00007fff1eb90000 - 0x00007fff1eba6000 	C:\Program Files\AdoptOpenJDK\jdk-11.0.3.7-hotspot\bin\vcruntime140.dll
0x00007fff1eaf0000 - 0x00007fff1eb8b000 	C:\Program Files\AdoptOpenJDK\jdk-11.0.3.7-hotspot\bin\msvcp140.dll
0x00007fff1e010000 - 0x00007fff1eac4000 	C:\Program Files\AdoptOpenJDK\jdk-11.0.3.7-hotspot\bin\server\jvm.dll
0x00007fff3dc80000 - 0x00007fff3dd23000 	C:\WINDOWS\System32\ADVAPI32.dll
0x00007fff3ea40000 - 0x00007fff3ead7000 	C:\WINDOWS\System32\sechost.dll
0x00007fff3e890000 - 0x00007fff3e898000 	C:\WINDOWS\System32\PSAPI.DLL
0x00007fff3a410000 - 0x00007fff3a419000 	C:\WINDOWS\SYSTEM32\WSOCK32.dll
0x00007fff33d90000 - 0x00007fff33d9a000 	C:\WINDOWS\SYSTEM32\VERSION.dll
0x00007fff35040000 - 0x00007fff35064000 	C:\WINDOWS\SYSTEM32\WINMM.dll
0x00007fff3e9d0000 - 0x00007fff3ea3f000 	C:\WINDOWS\System32\WS2_32.dll
0x00007fff35010000 - 0x00007fff3503d000 	C:\WINDOWS\SYSTEM32\winmmbase.dll
0x00007fff3bd50000 - 0x00007fff3bd9a000 	C:\WINDOWS\System32\cfgmgr32.dll
0x00007fff3bc00000 - 0x00007fff3bc11000 	C:\WINDOWS\System32\kernel.appcore.dll
0x00007fff250c0000 - 0x00007fff250d0000 	C:\Program Files\AdoptOpenJDK\jdk-11.0.3.7-hotspot\bin\verify.dll
0x00007fff3a200000 - 0x00007fff3a3f4000 	C:\WINDOWS\SYSTEM32\DBGHELP.DLL
0x00007fff28460000 - 0x00007fff2848a000 	C:\WINDOWS\SYSTEM32\dbgcore.DLL
0x00007fff1c4d0000 - 0x00007fff1c4f8000 	C:\Program Files\AdoptOpenJDK\jdk-11.0.3.7-hotspot\bin\java.dll
0x00007fff1c2c0000 - 0x00007fff1c2d6000 	C:\Program Files\AdoptOpenJDK\jdk-11.0.3.7-hotspot\bin\zip.dll
0x00007fff1c2b0000 - 0x00007fff1c2ba000 	C:\Program Files\AdoptOpenJDK\jdk-11.0.3.7-hotspot\bin\jimage.dll
0x00007fff3d040000 - 0x00007fff3d727000 	C:\WINDOWS\System32\SHELL32.dll
0x00007fff3de00000 - 0x00007fff3dea9000 	C:\WINDOWS\System32\shcore.dll
0x00007fff3bdd0000 - 0x00007fff3c552000 	C:\WINDOWS\System32\windows.storage.dll
0x00007fff3bc90000 - 0x00007fff3bcb3000 	C:\WINDOWS\System32\profapi.dll
0x00007fff3bc20000 - 0x00007fff3bc6a000 	C:\WINDOWS\System32\powrprof.dll
0x00007fff3bbf0000 - 0x00007fff3bc00000 	C:\WINDOWS\System32\UMPDC.dll
0x00007fff3deb0000 - 0x00007fff3df02000 	C:\WINDOWS\System32\shlwapi.dll
0x00007fff3cdd0000 - 0x00007fff3cde7000 	C:\WINDOWS\System32\cryptsp.dll
0x00007fff16dc0000 - 0x00007fff16dd9000 	C:\Program Files\AdoptOpenJDK\jdk-11.0.3.7-hotspot\bin\net.dll
0x00007fff31020000 - 0x00007fff31110000 	C:\WINDOWS\SYSTEM32\WINHTTP.dll
0x00007fff2b590000 - 0x00007fff2b766000 	C:\WINDOWS\SYSTEM32\urlmon.dll
0x00007fff2bd60000 - 0x00007fff2c006000 	C:\WINDOWS\SYSTEM32\iertutil.dll
0x00007fff3b580000 - 0x00007fff3b58c000 	C:\WINDOWS\SYSTEM32\CRYPTBASE.DLL
0x00007fff3b400000 - 0x00007fff3b467000 	C:\WINDOWS\system32\mswsock.dll
0x00007fff16da0000 - 0x00007fff16db2000 	C:\Program Files\AdoptOpenJDK\jdk-11.0.3.7-hotspot\bin\nio.dll
0x00007fff18a60000 - 0x00007fff18a69000 	C:\Program Files\AdoptOpenJDK\jdk-11.0.3.7-hotspot\bin\management.dll
0x00007fff18a50000 - 0x00007fff18a5b000 	C:\Program Files\AdoptOpenJDK\jdk-11.0.3.7-hotspot\bin\management_ext.dll
0x00007fff27190000 - 0x00007fff271a6000 	C:\WINDOWS\system32\napinsp.dll
0x00007fff27170000 - 0x00007fff2718a000 	C:\WINDOWS\system32\pnrpnsp.dll
0x00007fff3b160000 - 0x00007fff3b22b000 	C:\WINDOWS\SYSTEM32\DNSAPI.dll
0x00007fff3eae0000 - 0x00007fff3eae8000 	C:\WINDOWS\System32\NSI.dll
0x00007fff3b120000 - 0x00007fff3b15a000 	C:\WINDOWS\SYSTEM32\IPHLPAPI.DLL
0x00007fff27160000 - 0x00007fff2716e000 	C:\WINDOWS\System32\winrnr.dll
0x00007fff37530000 - 0x00007fff3754c000 	C:\WINDOWS\system32\NLAapi.dll
0x00007fff36a20000 - 0x00007fff36a35000 	C:\WINDOWS\system32\wshbth.dll
0x00007fff2f500000 - 0x00007fff2f50a000 	C:\Windows\System32\rasadhlp.dll
0x00007fff356c0000 - 0x00007fff35737000 	C:\WINDOWS\System32\fwpuclnt.dll
0x00007fff3bd20000 - 0x00007fff3bd46000 	C:\WINDOWS\System32\bcrypt.dll
0x00007fff3ad10000 - 0x00007fff3ad43000 	C:\WINDOWS\system32\rsaenh.dll
0x00007fff3bb10000 - 0x00007fff3bb35000 	C:\WINDOWS\SYSTEM32\USERENV.dll
0x00007fff34ef0000 - 0x00007fff34f06000 	C:\WINDOWS\SYSTEM32\dhcpcsvc6.DLL
0x00007fff34d10000 - 0x00007fff34d2c000 	C:\WINDOWS\SYSTEM32\dhcpcsvc.DLL

dbghelp: loaded successfully - version: 4.0.5 - missing functions: none
symbol engine: initialized successfully - sym options: 0x614 - pdb path: .;C:\Program Files\AdoptOpenJDK\jdk-11.0.3.7-hotspot\bin;C:\WINDOWS\SYSTEM32;C:\WINDOWS\WinSxS\amd64_microsoft.windows.common-controls_6595b64144ccf1df_6.0.18362.1016_none_9e7a36bbe461dae4;C:\Program Files\AdoptOpenJDK\jdk-11.0.3.7-hotspot\bin\server

VM Arguments:
jvm_args: -Dfile.encoding=UTF-8 
java_command: com.grokonez.GrokonezCsvUploadApplication
java_class_path (initial): D:\practicesb\GrokonezCSVUpload\target\classes;C:\Users\amukherjee9\.m2\repository\org\springframework\boot\spring-boot-starter-data-jpa\2.3.3.RELEASE\spring-boot-starter-data-jpa-2.3.3.RELEASE.jar;C:\Users\amukherjee9\.m2\repository\org\springframework\boot\spring-boot-starter-aop\2.3.3.RELEASE\spring-boot-starter-aop-2.3.3.RELEASE.jar;C:\Users\amukherjee9\.m2\repository\org\springframework\spring-aop\5.2.8.RELEASE\spring-aop-5.2.8.RELEASE.jar;C:\Users\amukherjee9\.m2\repository\org\aspectj\aspectjweaver\1.9.6\aspectjweaver-1.9.6.jar;C:\Users\amukherjee9\.m2\repository\org\springframework\boot\spring-boot-starter-jdbc\2.3.3.RELEASE\spring-boot-starter-jdbc-2.3.3.RELEASE.jar;C:\Users\amukherjee9\.m2\repository\com\zaxxer\HikariCP\3.4.5\HikariCP-3.4.5.jar;C:\Users\amukherjee9\.m2\repository\org\springframework\spring-jdbc\5.2.8.RELEASE\spring-jdbc-5.2.8.RELEASE.jar;C:\Users\amukherjee9\.m2\repository\jakarta\transaction\jakarta.transaction-api\1.3.3\jakarta.transaction-api-1.3.3.jar;C:\Users\amukherjee9\.m2\repository\jakarta\persistence\jakarta.persistence-api\2.2.3\jakarta.persistence-api-2.2.3.jar;C:\Users\amukherjee9\.m2\repository\org\hibernate\hibernate-core\5.4.20.Final\hibernate-core-5.4.20.Final.jar;C:\Users\amukherjee9\.m2\repository\org\jboss\logging\jboss-logging\3.4.1.Final\jboss-logging-3.4.1.Final.jar;C:\Users\amukherjee9\.m2\repository\org\javassist\javassist\3.24.0-GA\javassist-3.24.0-GA.jar;C:\Users\amukherjee9\.m2\repository\net\bytebuddy\byte-buddy\1.10.14\byte-buddy-1.10.14.jar;C:\Users\amukherjee9\.m2\repository\antlr\antlr\2.7.7\antlr-2.7.7.jar;C:\Users\amukherjee9\.m2\repository\org\jboss\jandex\2.1.3.Final\jandex-2.1.3.Final.jar;C:\Users\amukherjee9\.m2\repository\com\fasterxml\classmate\1.5.1\classmate-1.5.1.jar;C:\Users\amukherjee9\.m2\repository\org\dom4j\dom4j\2.1.3\dom4j-2.1.3.jar;C:\Users\amukherjee9\.m2\repository\org\hibernate\common\hibernate-commons-annotations\5.1.0.Final\hibernate-commons-annotations-5
Launcher Type: SUN_STANDARD

[Global flags]
     intx CICompilerCount                          = 4                                         {product} {ergonomic}
     uint ConcGCThreads                            = 2                                         {product} {ergonomic}
     uint G1ConcRefinementThreads                  = 8                                         {product} {ergonomic}
   size_t G1HeapRegionSize                         = 2097152                                   {product} {ergonomic}
    uintx GCDrainStackTargetSize                   = 64                                        {product} {ergonomic}
   size_t InitialHeapSize                          = 536870912                                 {product} {ergonomic}
   size_t MarkStackSize                            = 4194304                                   {product} {ergonomic}
   size_t MaxHeapSize                              = 8562671616                                {product} {ergonomic}
   size_t MaxNewSize                               = 5135925248                                {product} {ergonomic}
   size_t MinHeapDeltaBytes                        = 2097152                                   {product} {ergonomic}
    uintx NonNMethodCodeHeapSize                   = 5835340                                {pd product} {ergonomic}
    uintx NonProfiledCodeHeapSize                  = 122911450                              {pd product} {ergonomic}
    uintx ProfiledCodeHeapSize                     = 122911450                              {pd product} {ergonomic}
    uintx ReservedCodeCacheSize                    = 251658240                              {pd product} {ergonomic}
     bool SegmentedCodeCache                       = true                                      {product} {ergonomic}
     bool UseCompressedClassPointers               = true                                 {lp64_product} {ergonomic}
     bool UseCompressedOops                        = true                                 {lp64_product} {ergonomic}
     bool UseG1GC                                  = true                                      {product} {ergonomic}
     bool UseLargePagesIndividualAllocation        = false                                  {pd product} {ergonomic}

Logging:
Log output configuration:
 #0: stdout all=warning uptime,level,tags
 #1: stderr all=off uptime,level,tags

Environment Variables:
JAVA_HOME=C:\Program Files\Java\jdk1.8.0_112
JRE_HOME=C:\Program Files\Java\jdk1.8.0_112\jre
PATH=C:/Program Files/AdoptOpenJDK/jdk-11.0.3.7-hotspot/bin/server;C:/Program Files/AdoptOpenJDK/jdk-11.0.3.7-hotspot/bin;C:\Program Files\AdoptOpenJDK\jdk-11.0.3.7-hotspot\bin;C:\Program Files\Schlumberger\Data Integrator\Lib;D:\Aquila Code\Aquila\Lib\SlbLicense;C:\Program Files\Git\cmd;C:\ProgramData\Oracle\Java\javapath;C:\WINDOWS\system32;C:\WINDOWS;C:\WINDOWS\System32\Wbem;C:\WINDOWS\System32\WindowsPowerShell\v1.0\;C:\Program Files (x86)\NVIDIA Corporation\PhysX\Common;C:\Program Files\Java\jdk1.8.0_112\bin;C:\Users\amukherjee9\Downloads\software\maven\apache-maven-3.3.9\bin;C:\Users\amukherjee9\.dnx\bin;C:\Program Files\Microsoft DNX\Dnvm\;C:\Program Files\Microsoft\Web Platform Installer\;C:\Program Files\Microsoft SQL Server\Client SDK\ODBC\130\Tools\Binn\;C:\Program Files (x86)\Microsoft VS Code\bin;C:\Program Files\dotnet\;C:\Program Files\PuTTY\;C:\Program Files\Java\grails-3.3.8\bin;C:\Program Files (x86)\scala\bin;C:\HashiCorp\Vagrant\bin;C:\WINDOWS\System32\OpenSSH\;C:\Program Files (x86)\Windows Kits\8.1\Windows Performance Toolkit\;C:\Program Files\nodejs\;C:\Program Files\Kubernetes\Minikube;C:\Program Files (x86)\Google\Cloud SDK\google-cloud-sdk\bin;C:\Program Files (x86)\Windows Kits\10\Windows Performance Toolkit\;C:\Program Files (x86)\Windows Kits\10\Microsoft Application Virtualization\Sequencer\;C:\Program Files\1E\Client\Extensibility\NomadBranch;C:\Go\bin;C:\TDM-GCC-64\bin;C:\Program Files\MiKTeX 2.9\miktex\bin\x64\;C:\Users\amukherjee9\Downloads\software\apache-zookeeper-3.6.1-bin\bin;;C:\Program Files\Docker\Docker\resources\bin;C:\ProgramData\DockerDesktop\version-bin;C:\Program Files\Amazon\AWSCLIV2\;C:\WINDOWS\system32;C:\WINDOWS;C:\WINDOWS\System32\Wbem;C:\WINDOWS\System32\WindowsPowerShell\v1.0\;C:\WINDOWS\System32\OpenSSH\;C:\Program Files\AdoptOpenJDK\jdk-11.0.3.7-hotspot\bin;C:\Program Files\Schlumberger\Data Integrator\Lib;D:\Aquila Code\Aquila\Lib\SlbLicense;C:\Program Files\Git\cmd;C:\ProgramData\Oracle\Java\javapath;C:\WINDOWS\
USERNAME=AMukherjee9
OS=Windows_NT
PROCESSOR_IDENTIFIER=Intel64 Family 6 Model 94 Stepping 3, GenuineIntel



---------------  S Y S T E M  ---------------

OS: Windows 10 , 64 bit Build 18362 (10.0.18362.959)

CPU:total 8 (initial active 8) (4 cores per cpu, 2 threads per core) family 6 model 94 stepping 3, cmov, cx8, fxsr, mmx, sse, sse2, sse3, ssse3, sse4.1, sse4.2, popcnt, avx, avx2, aes, clmul, erms, rtm, 3dnowpref, lzcnt, ht, tsc, tscinvbit, bmi1, bmi2, adx, fma

Memory: 4k page, system-wide physical 32659M (12634M free)
TotalPageFile size 93387M (AvailPageFile size 5M)
current process WorkingSet (physical memory assigned to process): 431M, peak: 436M
current process commit charge ("private bytes"): 852M, peak: 858M

vm_info: OpenJDK 64-Bit Server VM (11.0.3+7) for windows-amd64 JRE (11.0.3+7), built on Apr 18 2019 09:08:27 by "" with MS VC++ 15.8 (VS2017)

END.
